Build started 2012/6/16 20:55:53.
     1>Project "E:\Work\CInterfacesAndImplementations\CInterfacesAndImplementations\CInterfacesAndImplementations.vcxproj" on node 2 (build target(s)).
     1>InitializeBuildStatus:
         Creating "Debug\CInterfacesAndImplementations.unsuccessfulbuild" because "AlwaysCreate" was specified.
       ClCompile:
         C:\Program Files (x86)\Microsoft Visual Studio 10.0\VC\bin\CL.exe /c /ZI /nologo /W3 /WX- /Od /Oy- /D _MBCS /Gm /EHsc /RTC1 /MDd /GS /fp:precise /Zc:wchar_t /Zc:forScope /Fo"Debug\\" /Fd"Debug\vc100.pdb" /Gd /TC /analyze- /errorReport:prompt text.cpp
         text.cpp
     1>e:\work\cinterfacesandimplementations\cinterfacesandimplementations\text.cpp(306): warning C4700: uninitialized local variable 'q' used
       Link:
         C:\Program Files (x86)\Microsoft Visual Studio 10.0\VC\bin\link.exe /ERRORREPORT:PROMPT /OUT:"E:\Work\CInterfacesAndImplementations\Debug\CInterfacesAndImplementations.exe" /NOLOGO kernel32.lib user32.lib gdi32.lib winspool.lib comdlg32.lib advapi32.lib shell32.lib ole32.lib oleaut32.lib uuid.lib odbc32.lib odbccp32.lib /MANIFEST /ManifestFile:"Debug\CInterfacesAndImplementations.exe.intermediate.manifest" /MANIFESTUAC:"level='asInvoker' uiAccess='false'" /DEBUG /PDB:"E:\Work\CInterfacesAndImplementations\Debug\CInterfacesAndImplementations.pdb" /TLBID:1 /DYNAMICBASE /NXCOMPAT /IMPLIB:"E:\Work\CInterfacesAndImplementations\Debug\CInterfacesAndImplementations.lib" /MACHINE:X86 Debug\main.obj
         Debug\except.obj
         Debug\assert.obj
         Debug\arena.obj
         Debug\mem.obj
         Debug\list.obj
         Debug\atom.obj
         Debug\table.obj
         Debug\text.obj
         Debug\wf.obj
         Debug\set.obj
         Debug\arith.obj
         Debug\array.obj
         Debug\seq.obj
         Debug\ring.obj
         Debug\bit.obj
         Debug\fmt.obj
         Debug\str.obj
         LINK : E:\Work\CInterfacesAndImplementations\Debug\CInterfacesAndImplementations.exe not found or not built by the last incremental link; performing full link
         CInterfacesAndImplementations.vcxproj -> E:\Work\CInterfacesAndImplementations\Debug\CInterfacesAndImplementations.exe
       Manifest:
         C:\Program Files (x86)\Microsoft SDKs\Windows\v7.0A\bin\mt.exe /nologo /verbose /outputresource:"E:\Work\CInterfacesAndImplementations\Debug\CInterfacesAndImplementations.exe;#1" /manifest Debug\CInterfacesAndImplementations.exe.intermediate.manifest
       FinalizeBuildStatus:
         Deleting file "Debug\CInterfacesAndImplementations.unsuccessfulbuild".
         Touching "Debug\CInterfacesAndImplementations.lastbuildstate".
     1>Done Building Project "E:\Work\CInterfacesAndImplementations\CInterfacesAndImplementations\CInterfacesAndImplementations.vcxproj" (build target(s)).

Build succeeded.

Time Elapsed 00:00:00.34
